<?xml version="1.0" encoding="UTF-8"?>
<!-- Generated by org.testng.reporters.JUnitReportReporter -->
<testsuite skipped="0" hostname="apples-MacBook-Pro-2.local" name="com.mars.webTest.VerifyABTest" tests="1" failures="0" timestamp="2020-12-29T20:27:13 IST" time="0.428" errors="0">
  <testcase name="abTest" time="0.428" classname="com.mars.webTest.VerifyABTest"/>
  <system-out/>
</testsuite> <!-- com.mars.webTest.VerifyABTest -->
